New cluster:
Unknown cluster type
------------
===
insert-tree
---
import_directive [294,349]
    import: import [294,300]
    identifier: Errors [302,308]
    from: from [310,314]
    string: "../libraries/helpers/Errors.sol" [315,348]
to
source_file [0,7843]
at 3

New cluster:
===
insert-node
---
identifier: WETHGateway [878,889]
to
contract_declaration [813,7842]
at 0
------------
===
insert-node
---
identifier: WETHGateway [878,889]
to
contract_declaration [813,7842]
at 0

New cluster:
===
insert-node
---
is: is [890,892]
to
contract_declaration [813,7842]
at 1
------------
===
insert-node
---
is: is [890,892]
to
contract_declaration [813,7842]
at 1

New cluster:
Unknown cluster type
------------
===
insert-tree
---
state_variable_declaration [1051,1103]
    type_name: mapping(address => bool) [1051,1075]
    visibility: internal [1076,1084]
    identifier: _callerWhitelists [1085,1102]
to
contract_body [910,7842]
at 2

New cluster:
Unknown cluster type
------------
===
insert-tree
---
function_definition [2081,2279]
    function: function [2081,2089]
    identifier: authorizeCallerWhitelist [2090,2114]
    parameter [2115,2141]
        type_name: address[] [2115,2124]
        calldata: calldata [2125,2133]
        identifier: callers [2134,2141]
    parameter [2143,2152]
        type_name: bool [2143,2147]
        identifier: flag [2148,2152]
    visibility: external [2154,2162]
    modifier_invocation [2163,2172]
        identifier: onlyOwner [2163,2172]
    function_body [2173,2279]
        for_statement [2179,2275]
            for: for [2179,2182]
            variable_declaration_statement [2184,2198]
                variable_declaration [2184,2193]
                    type_name: uint256 [2184,2191]
                    identifier: i [2192,2193]
                affectation_operator: = [2194,2195]
                number_literal: 0 [2196,2197]
            expression_statement [2199,2218]
                binary_expression [2199,2217]
                    identifier: i [2199,2200]
                    comparison_operator: < [2201,2202]
                    member_expression: callers.length [2203,2217]
            update_expression [2219,2222]
                identifier: i [2219,2220]
                increment_operator: ++ [2220,2222]
            block_statement [2224,2275]
                expression_statement [2232,2269]
                    assignment_expression [2232,2268]
                        array_access [2232,2261]
                            identifier: _callerWhitelists [2232,2249]
                            array_access [2250,2260]
                                identifier: callers [2250,2257]
                                identifier: i [2258,2259]
                        affectation_operator: = [2262,2263]
                        identifier: flag [2264,2268]
to
contract_body [910,7842]
at 7

New cluster:
Unknown cluster type
------------
===
insert-tree
---
function_definition [2283,2400]
    function: function [2283,2291]
    identifier: isCallerInWhitelist [2292,2311]
    parameter [2312,2326]
        type_name: address [2312,2319]
        identifier: caller [2320,2326]
    visibility: external [2328,2336]
    state_mutability [2337,2341]
        view: view [2337,2341]
    return_type_definition [2342,2356]
        returns: returns [2342,2349]
        parameter [2351,2355]
            type_name: bool [2351,2355]
    function_body [2357,2400]
        return_statement [2363,2396]
            return: return [2363,2369]
            array_access [2370,2395]
                identifier: _callerWhitelists [2370,2387]
                identifier: caller [2388,2394]
to
contract_body [910,7842]
at 8

New cluster:
Unknown cluster type
------------
===
insert-tree
---
function_definition [2404,2635]
    function: function [2404,2412]
    identifier: _checkValidCallerAndOnBehalfOf [2413,2443]
    parameter [2444,2462]
        type_name: address [2444,2451]
        identifier: onBehalfOf [2452,2462]
    visibility: internal [2464,2472]
    state_mutability [2473,2477]
        view: view [2473,2477]
    function_body [2478,2635]
        expression_statement [2484,2631]
            call_expression [2484,2630]
                identifier: require [2484,2491]
                call_argument [2499,2572]
                    binary_expression [2499,2572]
                        parenthesized_expression [2499,2527]
                            binary_expression [2500,2526]
                                identifier: onBehalfOf [2500,2510]
                                comparison_operator: == [2511,2513]
                                call_expression [2514,2526]
                                    identifier: _msgSender [2514,2524]
                        logical_operator: || [2528,2530]
                        parenthesized_expression [2531,2572]
                            binary_expression [2532,2571]
                                array_access [2532,2563]
                                    identifier: _callerWhitelists [2532,2549]
                                    call_expression [2550,2562]
                                        identifier: _msgSender [2550,2560]
                                comparison_operator: == [2564,2566]
                                boolean_literal: true [2567,2571]
                call_argument [2580,2624]
                    member_expression: Errors.CALLER_NOT_ONBEHALFOF_OR_IN_WHITELIST [2580,2624]
to
contract_body [910,7842]
at 9

New cluster:
===
insert-node
---
expression_statement [2732,2775]
to
function_body [2056,2219]
at 0
------------
===
insert-node
---
call_expression [2732,2774]
to
expression_statement [2732,2775]
at 0
===
insert-node
---
identifier: _checkValidCallerAndOnBehalfOf [2732,2762]
to
call_expression [2732,2774]
at 0
===
insert-node
---
expression_statement [2732,2775]
to
function_body [2056,2219]
at 0

New cluster:
Unknown cluster type
------------
===
insert-tree
---
expression_statement [3015,3050]
    call_expression [3015,3049]
        identifier: _checkValidCallerAndOnBehalfOf [3015,3045]
        call_argument [3046,3048]
            identifier: to [3046,3048]
to
function_body [2290,2901]
at 0

New cluster:
Unknown cluster type
------------
===
insert-tree
---
expression_statement [5495,5538]
    call_expression [5495,5537]
        identifier: _checkValidCallerAndOnBehalfOf [5495,5525]
        call_argument [5526,5536]
            identifier: onBehalfOf [5526,5536]
to
function_body [4777,5269]
at 0

New cluster:
MOVE from call_expression [2732,2774]
------------
===
move-tree
---
call_argument [3083,3093]
    identifier: onBehalfOf [3083,3093]
to
call_expression [2732,2774]
at 1

New cluster:
UPDATE from require to _checkValidCallerAndOnBehalfOf
------------
===
update-node
---
identifier: require [3067,3074]
replace require by _checkValidCallerAndOnBehalfOf

New cluster:
Unknown cluster type
------------
===
insert-tree
---
call_argument [3858,3868]
    identifier: onBehalfOf [3858,3868]
to
call_expression [3067,3157]
at 1

New cluster:
===
delete-node
---
identifier: WETHGateway [822,833]
===
------------
===
delete-node
---
identifier: WETHGateway [822,833]
===

New cluster:
===
delete-node
---
is: is [834,836]
===
------------
===
delete-node
---
is: is [834,836]
===

New cluster:
===
delete-node
---
call_argument [3075,3108]
===
------------
===
delete-node
---
binary_expression [3075,3108]
===
===
delete-node
---
primitive_type: address [3075,3082]
===
===
delete-node
---
type_cast_expression [3075,3094]
===
===
delete-node
---
call_argument [3075,3108]
===
===
delete-node
---
comparison_operator: != [3095,3097]
===

New cluster:
Unknown cluster type
------------
===
delete-tree
---
type_cast_expression [3098,3108]
    primitive_type: address [3098,3105]
    call_argument [3106,3107]
        number_literal: 0 [3106,3107]

New cluster:
Unknown cluster type
------------
===
delete-tree
---
call_argument [3110,3156]
    string_literal [3110,3156]
        string: "WETHGateway: `onBehalfOf` should not be zero" [3110,3156]

